

*******************************************************************************
Sun May 22 09:04:48 2022


FIT:    data read from "unattpowvsattpow.txt" u 1:3:2:4 xyerrors
        format = x:z:sx:s
        #datapoints = 6
function used for fitting: f(x)
	f(x) = (a*x)+b
fitted parameters initialized with current variable values

iter      chisq       delta/lim  lambda   a             b            
   0 6.2845000000e+03   0.00e+00  1.57e+02    1.000000e-03  -1.000000e+00
   5 5.5445488003e+01  -1.68e-02  1.57e+02    9.494709e-04   3.098348e-01

After 5 iterations the fit converged.
final sum of squares of residuals : 55.4455
rel. change during last iteration : -1.67897e-07

degrees of freedom    (FIT_NDF)                        : 4
rms of residuals      (FIT_STDFIT) = sqrt(WSSR/ndf)    : 3.72309
variance of residuals (reduced chisquare) = WSSR/ndf   : 13.8614
p-value of the Chisq distribution (FIT_P)              : 2.62054e-11

Final set of parameters            Asymptotic Standard Error
=======================            ==========================
a               = 0.000949471      +/- 1.575e-05    (1.659%)
b               = 0.309835         +/- 0.1078       (34.81%)

correlation matrix of the fit parameters:
                a      b      
a               1.000 
b              -0.906  1.000 


*******************************************************************************
Sun May 22 09:08:24 2022


FIT:    data read from "unattpowvsattpow.txt" u 1:3:2:4 xyerrors
        format = x:z:sx:s
        #datapoints = 8
function used for fitting: f(x)
	f(x) = (a*x)+b
fitted parameters initialized with current variable values

iter      chisq       delta/lim  lambda   a             b            
   0 1.9203586096e+04   0.00e+00  1.39e+02    1.000000e-03   1.000000e+00
   4 2.3545474400e+02  -2.43e-09  1.39e+06    9.901942e-04  -8.310627e-04

After 4 iterations the fit converged.
final sum of squares of residuals : 235.455
rel. change during last iteration : -2.42627e-14

degrees of freedom    (FIT_NDF)                        : 6
rms of residuals      (FIT_STDFIT) = sqrt(WSSR/ndf)    : 6.26438
variance of residuals (reduced chisquare) = WSSR/ndf   : 39.2425
p-value of the Chisq distribution (FIT_P)              : 0

Final set of parameters            Asymptotic Standard Error
=======================            ==========================
a               = 0.000990194      +/- 1.373e-05    (1.387%)
b               = -0.000831063     +/- 0.05505      (6624%)

correlation matrix of the fit parameters:
                a      b      
a               1.000 
b              -0.540  1.000 


*******************************************************************************
Tue May 24 10:12:40 2022


FIT:    data read from "shpowvstemp.txt" u 1:3:2:4 xyerrors
        format = x:z:sx:s
        #datapoints = 37
function used for fitting: f(x)
	f(x)=a*((sin(b*(x-t0))/(b*(x-t0)))**2)+c
fitted parameters initialized with current variable values

iter      chisq       delta/lim  lambda   a             b             c             t0           
   0 4.7662784915e+03   0.00e+00  2.79e+02    5.100000e+01   2.000000e+00   1.200000e+01   3.670000e+01
   5 2.4563670373e+02  -1.27e-10  2.79e+08    3.898892e+01   2.013061e+00   1.117407e+01   3.638875e+01

After 5 iterations the fit converged.
final sum of squares of residuals : 245.637
rel. change during last iteration : -1.27277e-15

degrees of freedom    (FIT_NDF)                        : 33
rms of residuals      (FIT_STDFIT) = sqrt(WSSR/ndf)    : 2.72828
variance of residuals (reduced chisquare) = WSSR/ndf   : 7.44354
p-value of the Chisq distribution (FIT_P)              : 0

Final set of parameters            Asymptotic Standard Error
=======================            ==========================
a               = 38.9889          +/- 0.4907       (1.259%)
b               = 2.01306          +/- 0.03804      (1.89%)
c               = 11.1741          +/- 0.06611      (0.5917%)
t0              = 36.3888          +/- 0.031        (0.08519%)

correlation matrix of the fit parameters:
                a      b      c      t0     
a               1.000 
b               0.036  1.000 
c              -0.177  0.073  1.000 
t0              0.075 -0.017 -0.008  1.000 
